  [1m[36mSQL (0.0ms)[0m  [1mSHOW TABLES[0m
  [1m[35mSQL (0.0ms)[0m  SHOW TABLES
  [1m[36mSQL (0.0ms)[0m  [1mSELECT `schema_migrations`.`version` FROM `schema_migrations`[0m
Migrating to CreateEvents (20110322043058)
  [1m[35mSQL (0.0ms)[0m  CREATE TABLE `events` (`id` int(11) DEFAULT NULL auto_increment PRIMARY KEY, `name` varchar(255), `start_at` datetime, `end_at` datetime, `created_at` datetime, `updated_at` datetime) ENGINE=InnoDB
Mysql2::Error: Table 'events' already exists: CREATE TABLE `events` (`id` int(11) DEFAULT NULL auto_increment PRIMARY KEY, `name` varchar(255), `start_at` datetime, `end_at` datetime, `created_at` datetime, `updated_at` datetime) ENGINE=InnoDB


Started GET "/" for 127.0.0.1 at 2011-03-21 21:35:00 -0700
  Processing by CalendarController#index as HTML
  [1m[36mEvent Load (0.0ms)[0m  [1mSELECT `events`.* FROM `events` WHERE (('2011-02-27 08:00:00' <= end_at) AND (start_at< '2011-04-03 07:00:00')) ORDER BY start_at ASC[0m
Rendered calendar/index.html.erb within layouts/application (29.0ms)
Completed 200 OK in 246ms (Views: 59.0ms | ActiveRecord: 0.0ms)


Started GET "/?month=2&year=2011" for 127.0.0.1 at 2011-03-21 21:35:12 -0700
  Processing by CalendarController#index as HTML
  Parameters: {"month"=>"2", "year"=>"2011"}
  [1m[35mEvent Load (0.0ms)[0m  SELECT `events`.* FROM `events` WHERE (('2011-01-30 08:00:00' <= end_at) AND (start_at< '2011-03-06 08:00:00')) ORDER BY start_at ASC
Rendered calendar/index.html.erb within layouts/application (6.0ms)
Completed 200 OK in 31ms (Views: 20.0ms | ActiveRecord: 0.0ms)
  [1m[36mSQL (0.0ms)[0m  [1mSHOW TABLES[0m
  [1m[35mSQL (0.0ms)[0m  SHOW TABLES
  [1m[36mSQL (0.0ms)[0m  [1mSELECT `schema_migrations`.`version` FROM `schema_migrations`[0m
  [1m[36mSQL (0.0ms)[0m  [1mSHOW TABLES[0m
  [1m[35mSQL (25.0ms)[0m  CREATE TABLE `schema_migrations` (`version` varchar(255) NOT NULL) ENGINE=InnoDB
  [1m[36mSQL (1.0ms)[0m  [1mSHOW KEYS FROM `schema_migrations`[0m
  [1m[35mSQL (21.0ms)[0m  CREATE UNIQUE INDEX `unique_schema_migrations` ON `schema_migrations` (`version`)
  [1m[36mSQL (1.0ms)[0m  [1mSHOW TABLES[0m
  [1m[35mSQL (0.0ms)[0m  SHOW TABLES
  [1m[36mSQL (1.0ms)[0m  [1mSELECT `schema_migrations`.`version` FROM `schema_migrations`[0m
Migrating to CreateEvents (20110322043058)
  [1m[35mSQL (14.0ms)[0m  CREATE TABLE `events` (`id` int(11) DEFAULT NULL auto_increment PRIMARY KEY, `name` varchar(255), `start_at` datetime, `end_at` datetime, `created_at` datetime, `updated_at` datetime) ENGINE=InnoDB
  [1m[36mSQL (8.0ms)[0m  [1mINSERT INTO `schema_migrations` (`version`) VALUES ('20110322043058')[0m
  [1m[35mSQL (1.0ms)[0m  SHOW TABLES
  [1m[36mSQL (0.0ms)[0m  [1mSELECT `schema_migrations`.`version` FROM `schema_migrations`[0m
  [1m[35mSQL (0.0ms)[0m  SHOW TABLES
  [1m[36mSQL (2.0ms)[0m  [1mdescribe `events`[0m
  [1m[35mSQL (0.0ms)[0m  SHOW KEYS FROM `events`


Started GET "/?month=2&year=2011" for 127.0.0.1 at 2011-03-21 21:41:07 -0700
  Processing by CalendarController#index as HTML
  Parameters: {"month"=>"2", "year"=>"2011"}
  [1m[36mEvent Load (1.0ms)[0m  [1mSELECT `events`.* FROM `events` WHERE (('2011-01-30 08:00:00' <= end_at) AND (start_at< '2011-03-06 08:00:00')) ORDER BY start_at ASC[0m
Rendered calendar/index.html.erb within layouts/application (51.0ms)
Completed 200 OK in 259ms (Views: 64.0ms | ActiveRecord: 1.0ms)


Started GET "/" for 127.0.0.1 at 2011-03-21 21:41:15 -0700
  Processing by CalendarController#index as HTML
  [1m[35mEvent Load (1.0ms)[0m  SELECT `events`.* FROM `events` WHERE (('2011-02-27 08:00:00' <= end_at) AND (start_at< '2011-04-03 07:00:00')) ORDER BY start_at ASC
Rendered calendar/index.html.erb within layouts/application (6.0ms)
Completed 200 OK in 32ms (Views: 20.0ms | ActiveRecord: 1.0ms)


Started GET "/" for 127.0.0.1 at 2011-03-21 21:42:52 -0700
  Processing by CalendarController#index as HTML
  [1m[36mEvent Load (1.0ms)[0m  [1mSELECT `events`.* FROM `events` WHERE (('2011-02-27 08:00:00' <= end_at) AND (start_at< '2011-04-03 07:00:00')) ORDER BY start_at ASC[0m
Rendered calendar/index.html.erb within layouts/application (6.0ms)
Completed 200 OK in 30ms (Views: 20.0ms | ActiveRecord: 1.0ms)


Started GET "/" for 127.0.0.1 at 2011-03-21 21:45:03 -0700
  Processing by CalendarController#index as HTML
  [1m[35mEvent Load (1.0ms)[0m  SELECT `events`.* FROM `events` WHERE (('2011-02-27 08:00:00' <= end_at) AND (start_at< '2011-04-03 07:00:00')) ORDER BY start_at ASC
Rendered calendar/index.html.erb within layouts/application (37.0ms)
Completed   in 63ms

ActionView::Template::Error (No route matches {:action=>"show", :controller=>"events"}):
    5: 
    6: <%= raw(event_calendar) %>
    7: 
    8: <%= link_to 'Create An Event', event_path %>
  app/views/calendar/index.html.erb:8:in `_app_views_calendar_index_html_erb__190337034_28744548__351662907'

Rendered C:/Ruby192/lib/ruby/gems/1.9.1/gems/actionpack-3.0.5/lib/action_dispatch/middleware/templates/rescues/_trace.erb (1.0ms)
Rendered C:/Ruby192/lib/ruby/gems/1.9.1/gems/actionpack-3.0.5/lib/action_dispatch/middleware/templates/rescues/_request_and_response.erb (3.0ms)
Rendered C:/Ruby192/lib/ruby/gems/1.9.1/gems/actionpack-3.0.5/lib/action_dispatch/middleware/templates/rescues/template_error.erb within rescues/layout (12.0ms)


Started GET "/" for 127.0.0.1 at 2011-03-21 21:45:29 -0700
  Processing by CalendarController#index as HTML
  [1m[36mEvent Load (0.0ms)[0m  [1mSELECT `events`.* FROM `events` WHERE (('2011-02-27 08:00:00' <= end_at) AND (start_at< '2011-04-03 07:00:00')) ORDER BY start_at ASC[0m
Rendered calendar/index.html.erb within layouts/application (6.0ms)
Completed 200 OK in 31ms (Views: 20.0ms | ActiveRecord: 0.0ms)


Started GET "/events" for 127.0.0.1 at 2011-03-21 21:45:32 -0700
  Processing by EventsController#index as HTML
  [1m[35mEvent Load (1.0ms)[0m  SELECT `events`.* FROM `events`
Rendered events/index.html.erb within layouts/application (3.0ms)
Completed 200 OK in 47ms (Views: 20.0ms | ActiveRecord: 1.0ms)


Started GET "/events/new" for 127.0.0.1 at 2011-03-21 21:45:36 -0700
  Processing by EventsController#new as HTML
Rendered events/_form.html.erb (28.0ms)
Rendered events/new.html.erb within layouts/application (34.0ms)
Completed 200 OK in 61ms (Views: 49.0ms | ActiveRecord: 0.0ms)


Started POST "/events" for 127.0.0.1 at 2011-03-21 21:45:49 -0700
  Processing by EventsController#create as HTML
  Parameters: {"utf8"=>"✓", "authenticity_token"=>"tAD2x9cIJpVoWWH8RQJ7GxPCZAvfQVp2LQN1x/soXKI=", "event"=>{"name"=>"work", "start_at(1i)"=>"2011", "start_at(2i)"=>"3", "start_at(3i)"=>"22", "start_at(4i)"=>"04", "start_at(5i)"=>"45", "end_at(1i)"=>"2011", "end_at(2i)"=>"3", "end_at(3i)"=>"24", "end_at(4i)"=>"04", "end_at(5i)"=>"45"}, "commit"=>"Create Event"}
  [1m[36mSQL (1.0ms)[0m  [1mBEGIN[0m
  [1m[35mSQL (1.0ms)[0m  SHOW TABLES
  [1m[36mSQL (2.0ms)[0m  [1mdescribe `events`[0m
  [1m[35mAREL (0.0ms)[0m  INSERT INTO `events` (`name`, `start_at`, `end_at`, `created_at`, `updated_at`) VALUES ('work', '2011-03-22 04:45:00', '2011-03-24 04:45:00', '2011-03-22 04:45:49', '2011-03-22 04:45:49')
  [1m[36mSQL (1.0ms)[0m  [1mCOMMIT[0m
Redirected to http://localhost:3000/events/1
Completed 302 Found in 40ms


Started GET "/events/1" for 127.0.0.1 at 2011-03-21 21:45:49 -0700
  Processing by EventsController#show as HTML
  Parameters: {"id"=>"1"}
  [1m[35mEvent Load (1.0ms)[0m  SELECT `events`.* FROM `events` WHERE `events`.`id` = 1 LIMIT 1
Rendered events/show.html.erb within layouts/application (9.0ms)
Completed 200 OK in 35ms (Views: 23.0ms | ActiveRecord: 1.0ms)


Started GET "/events" for 127.0.0.1 at 2011-03-21 21:45:51 -0700
  Processing by EventsController#index as HTML
  [1m[36mEvent Load (1.0ms)[0m  [1mSELECT `events`.* FROM `events`[0m
Rendered events/index.html.erb within layouts/application (10.0ms)
Completed 200 OK in 33ms (Views: 24.0ms | ActiveRecord: 6.0ms)


Started GET "/events" for 127.0.0.1 at 2011-03-21 21:46:36 -0700
  Processing by EventsController#index as HTML
  [1m[35mEvent Load (0.0ms)[0m  SELECT `events`.* FROM `events`
Rendered events/index.html.erb within layouts/application (13.0ms)
Completed   in 36ms

ActionView::Template::Error (undefined local variable or method `calendar_path' for #<#<Class:0x373ec18>:0x373a5b0>):
    25: <br />
    26: 
    27: <%= link_to 'New Event', new_event_path %>
    28: <%= link_to 'Back to Calendar', calendar_path %>
  app/views/events/index.html.erb:28:in `_app_views_events_index_html_erb___72071915_28890432__351662907'
  app/controllers/events_controller.rb:7:in `index'

Rendered C:/Ruby192/lib/ruby/gems/1.9.1/gems/actionpack-3.0.5/lib/action_dispatch/middleware/templates/rescues/_trace.erb (2.0ms)
Rendered C:/Ruby192/lib/ruby/gems/1.9.1/gems/actionpack-3.0.5/lib/action_dispatch/middleware/templates/rescues/_request_and_response.erb (3.0ms)
Rendered C:/Ruby192/lib/ruby/gems/1.9.1/gems/actionpack-3.0.5/lib/action_dispatch/middleware/templates/rescues/template_error.erb within rescues/layout (13.0ms)


Started GET "/events" for 127.0.0.1 at 2011-03-21 21:47:17 -0700
  Processing by EventsController#index as HTML
  [1m[36mEvent Load (1.0ms)[0m  [1mSELECT `events`.* FROM `events`[0m
Rendered events/index.html.erb within layouts/application (10.0ms)
Completed 200 OK in 33ms (Views: 24.0ms | ActiveRecord: 1.0ms)


Started GET "/" for 127.0.0.1 at 2011-03-21 21:47:19 -0700
  Processing by CalendarController#index as HTML
  [1m[35mEvent Load (0.0ms)[0m  SELECT `events`.* FROM `events` WHERE (('2011-02-27 08:00:00' <= end_at) AND (start_at< '2011-04-03 07:00:00')) ORDER BY start_at ASC
Rendered calendar/index.html.erb within layouts/application (7.0ms)
Completed 200 OK in 37ms (Views: 21.0ms | ActiveRecord: 0.0ms)


Started GET "/events/1" for 127.0.0.1 at 2011-03-21 21:47:22 -0700
  Processing by EventsController#show as HTML
  Parameters: {"id"=>"1"}
  [1m[36mEvent Load (0.0ms)[0m  [1mSELECT `events`.* FROM `events` WHERE `events`.`id` = 1 LIMIT 1[0m
Rendered events/show.html.erb within layouts/application (11.0ms)
Completed 200 OK in 39ms (Views: 25.0ms | ActiveRecord: 0.0ms)


Started GET "/" for 127.0.0.1 at 2011-03-21 23:41:05 -0700
  Processing by CalendarController#index as HTML
  [1m[35mEvent Load (1.0ms)[0m  SELECT `events`.* FROM `events` WHERE (('2011-02-27 08:00:00' <= end_at) AND (start_at< '2011-04-03 07:00:00')) ORDER BY start_at ASC
Rendered calendar/index.html.erb within layouts/application (7.0ms)
Completed 200 OK in 48ms (Views: 22.0ms | ActiveRecord: 1.0ms)


Started GET "/events" for 127.0.0.1 at 2011-03-21 23:41:11 -0700
  Processing by EventsController#index as HTML
  [1m[36mEvent Load (1.0ms)[0m  [1mSELECT `events`.* FROM `events`[0m
Rendered events/index.html.erb within layouts/application (10.0ms)
Completed 200 OK in 34ms (Views: 24.0ms | ActiveRecord: 1.0ms)


Started POST "/events/1" for 127.0.0.1 at 2011-03-21 23:41:17 -0700
  Processing by EventsController#destroy as HTML
  Parameters: {"authenticity_token"=>"tAD2x9cIJpVoWWH8RQJ7GxPCZAvfQVp2LQN1x/soXKI=", "id"=>"1"}
  [1m[35mEvent Load (1.0ms)[0m  SELECT `events`.* FROM `events` WHERE `events`.`id` = 1 LIMIT 1
  [1m[36mSQL (0.0ms)[0m  [1mBEGIN[0m
  [1m[35mAREL (1.0ms)[0m  DELETE FROM `events` WHERE `events`.`id` = 1
  [1m[36mSQL (2.0ms)[0m  [1mCOMMIT[0m
Redirected to http://localhost:3000/events
Completed 302 Found in 21ms


Started GET "/events" for 127.0.0.1 at 2011-03-21 23:41:17 -0700
  Processing by EventsController#index as HTML
  [1m[35mEvent Load (1.0ms)[0m  SELECT `events`.* FROM `events`
Rendered events/index.html.erb within layouts/application (4.0ms)
Completed 200 OK in 45ms (Views: 35.0ms | ActiveRecord: 1.0ms)


Started GET "/events/new" for 127.0.0.1 at 2011-03-21 23:41:20 -0700
  Processing by EventsController#new as HTML
Rendered events/_form.html.erb (10.0ms)
Rendered events/new.html.erb within layouts/application (17.0ms)
Completed 200 OK in 42ms (Views: 31.0ms | ActiveRecord: 0.0ms)


Started POST "/events" for 127.0.0.1 at 2011-03-21 23:41:42 -0700
  Processing by EventsController#create as HTML
  Parameters: {"utf8"=>"✓", "authenticity_token"=>"tAD2x9cIJpVoWWH8RQJ7GxPCZAvfQVp2LQN1x/soXKI=", "event"=>{"name"=>"ballin", "start_at(1i)"=>"2011", "start_at(2i)"=>"3", "start_at(3i)"=>"22", "start_at(4i)"=>"06", "start_at(5i)"=>"41", "end_at(1i)"=>"2011", "end_at(2i)"=>"3", "end_at(3i)"=>"29", "end_at(4i)"=>"06", "end_at(5i)"=>"41"}, "commit"=>"Create Event"}
  [1m[36mSQL (0.0ms)[0m  [1mBEGIN[0m
  [1m[35mSQL (2.0ms)[0m  describe `events`
  [1m[36mAREL (0.0ms)[0m  [1mINSERT INTO `events` (`name`, `start_at`, `end_at`, `created_at`, `updated_at`) VALUES ('ballin', '2011-03-22 06:41:00', '2011-03-29 06:41:00', '2011-03-22 06:41:42', '2011-03-22 06:41:42')[0m
  [1m[35mSQL (1.0ms)[0m  COMMIT
Redirected to http://localhost:3000/events/2
Completed 302 Found in 23ms


Started GET "/events/2" for 127.0.0.1 at 2011-03-21 23:41:42 -0700
  Processing by EventsController#show as HTML
  Parameters: {"id"=>"2"}
  [1m[36mEvent Load (1.0ms)[0m  [1mSELECT `events`.* FROM `events` WHERE `events`.`id` = 2 LIMIT 1[0m
Rendered events/show.html.erb within layouts/application (9.0ms)
Completed 200 OK in 35ms (Views: 23.0ms | ActiveRecord: 1.0ms)


Started GET "/events" for 127.0.0.1 at 2011-03-21 23:41:44 -0700
  Processing by EventsController#index as HTML
  [1m[35mEvent Load (0.0ms)[0m  SELECT `events`.* FROM `events`
Rendered events/index.html.erb within layouts/application (11.0ms)
Completed 200 OK in 35ms (Views: 25.0ms | ActiveRecord: 4.0ms)


Started GET "/" for 127.0.0.1 at 2011-03-21 23:41:46 -0700
  Processing by CalendarController#index as HTML
  [1m[36mEvent Load (1.0ms)[0m  [1mSELECT `events`.* FROM `events` WHERE (('2011-02-27 08:00:00' <= end_at) AND (start_at< '2011-04-03 07:00:00')) ORDER BY start_at ASC[0m
Rendered calendar/index.html.erb within layouts/application (7.0ms)
Completed 200 OK in 38ms (Views: 21.0ms | ActiveRecord: 4.0ms)


Started GET "/events/2" for 127.0.0.1 at 2011-03-21 23:41:54 -0700
  Processing by EventsController#show as HTML
  Parameters: {"id"=>"2"}
  [1m[35mEvent Load (0.0ms)[0m  SELECT `events`.* FROM `events` WHERE `events`.`id` = 2 LIMIT 1
Rendered events/show.html.erb within layouts/application (9.0ms)
Completed 200 OK in 36ms (Views: 23.0ms | ActiveRecord: 0.0ms)
